<?xml version="1.0" encoding="UTF-8"?>
<testsuite name="CaesarsCipherTest" tests="2" skipped="0" failures="0" errors="0" timestamp="2022-10-01T21:57:41" hostname="MAHMOD-G-BOOK" time="0.12">
  <properties/>
  <testcase name="testCipheredMessageWithOffsetOf12()" classname="CaesarsCipherTest" time="0.114"/>
  <testcase name="testEmptyString()" classname="CaesarsCipherTest" time="0.003"/>
  <system-out><![CDATA[]]></system-out>
  <system-err><![CDATA[]]></system-err>
</testsuite>
